C:\Program Files (x86)\Microsoft Visual Studio\2017\Professional\Common7\IDE\VC\VCTargets\Microsoft.CppBuild.targets(937,5): warning MSB8027: 名为 logger.cpp 的两个或更多文件将生成到同一位置的输出。这会导致错误的生成结果。   调用的文件是 src\cpp_redis\logger.cpp, src\tacopie\logger.cpp。
  thread_pool.cpp
  tcp_socket.cpp
  self_pipe.cpp
  io_service.cpp
  tcp_server.cpp
  tcp_client.cpp
  logger.cpp
  error.cpp
  reply.cpp
  redis_subscriber.cpp
  redis_client.cpp
  redis_connection.cpp
  logger.cpp
  simple_string_builder.cpp
  reply_builder.cpp
  integer_builder.cpp
  error_builder.cpp
  bulk_string_builder.cpp
  builders_factory.cpp
  array_builder.cpp
  正在生成代码...
Debug\logger.obj : warning LNK4042: 对象被多次指定；已忽略多余的指定
  cpp_redis.vcxproj -> E:\proj\tcp_server\Debug\Win32\cpp_redis.lib
  E:\proj\tcp_server\Debug\Win32\cpp_redis.lib -> E:\proj\tcp_server\tcp_server\lib\cpp_redis\Debug\Win32\cpp_redis.lib
  复制了 1 个文件
