e:\proj\tcp_server\cpp_redis\debug\cpp_redis.pdb
e:\proj\tcp_server\cpp_redis\debug\cpp_redis.idb
e:\proj\tcp_server\cpp_redis\debug\array_builder.obj
e:\proj\tcp_server\cpp_redis\debug\builders_factory.obj
e:\proj\tcp_server\cpp_redis\debug\bulk_string_builder.obj
e:\proj\tcp_server\cpp_redis\debug\error_builder.obj
e:\proj\tcp_server\cpp_redis\debug\integer_builder.obj
e:\proj\tcp_server\cpp_redis\debug\reply_builder.obj
e:\proj\tcp_server\cpp_redis\debug\simple_string_builder.obj
e:\proj\tcp_server\cpp_redis\debug\logger.obj
e:\proj\tcp_server\cpp_redis\debug\redis_connection.obj
e:\proj\tcp_server\cpp_redis\debug\redis_client.obj
e:\proj\tcp_server\cpp_redis\debug\redis_subscriber.obj
e:\proj\tcp_server\cpp_redis\debug\reply.obj
e:\proj\tcp_server\cpp_redis\debug\error.obj
e:\proj\tcp_server\cpp_redis\debug\tcp_client.obj
e:\proj\tcp_server\cpp_redis\debug\tcp_server.obj
e:\proj\tcp_server\cpp_redis\debug\io_service.obj
e:\proj\tcp_server\cpp_redis\debug\self_pipe.obj
e:\proj\tcp_server\cpp_redis\debug\tcp_socket.obj
e:\proj\tcp_server\cpp_redis\debug\thread_pool.obj
e:\proj\tcp_server\debug\win32\cpp_redis.lib
e:\proj\tcp_server\debug\win32\cpp_redis.pdb
e:\proj\tcp_server\cpp_redis\debug\cpp_redis.tlog\cl.command.1.tlog
e:\proj\tcp_server\cpp_redis\debug\cpp_redis.tlog\cl.read.1.tlog
e:\proj\tcp_server\cpp_redis\debug\cpp_redis.tlog\cl.write.1.tlog
e:\proj\tcp_server\cpp_redis\debug\cpp_redis.tlog\lib-link.read.1.tlog
e:\proj\tcp_server\cpp_redis\debug\cpp_redis.tlog\lib-link.write.1.tlog
e:\proj\tcp_server\cpp_redis\debug\cpp_redis.tlog\lib.command.1.tlog
