e:\proj\tcp_server\tcp_server\debug\vc141.pdb
e:\proj\tcp_server\tcp_server\debug\vc141.idb
e:\proj\tcp_server\tcp_server\debug\main.obj
e:\proj\tcp_server\tcp_server\debug\network_manager.obj
e:\proj\tcp_server\tcp_server\debug\event.obj
e:\proj\tcp_server\tcp_server\debug\listener.obj
e:\proj\tcp_server\tcp_server\debug\server.obj
e:\proj\tcp_server\tcp_server\debug\command_manager.obj
e:\proj\tcp_server\tcp_server\debug\event_manager.obj
e:\proj\tcp_server\tcp_server\debug\command.obj
e:\proj\tcp_server\tcp_server\debug\command_listener.obj
e:\proj\tcp_server\tcp_server\debug\event_listener.obj
e:\proj\tcp_server\debug\win32\tcp_server.ilk
e:\proj\tcp_server\debug\win32\tcp_server.exe
e:\proj\tcp_server\debug\win32\tcp_server.pdb
e:\proj\tcp_server\tcp_server\debug\tcp_server.tlog\cl.command.1.tlog
e:\proj\tcp_server\tcp_server\debug\tcp_server.tlog\cl.read.1.tlog
e:\proj\tcp_server\tcp_server\debug\tcp_server.tlog\cl.write.1.tlog
e:\proj\tcp_server\tcp_server\debug\tcp_server.tlog\link.command.1.tlog
e:\proj\tcp_server\tcp_server\debug\tcp_server.tlog\link.read.1.tlog
e:\proj\tcp_server\tcp_server\debug\tcp_server.tlog\link.write.1.tlog
