e:\gamer\server\tcp_server\libevent\debug\libevent.pch
e:\gamer\server\tcp_server\libevent\debug\libevent.pdb
e:\gamer\server\tcp_server\libevent\debug\libevent.idb
e:\gamer\server\tcp_server\libevent\debug\stdafx.obj
e:\gamer\server\tcp_server\libevent\debug\event.obj
e:\gamer\server\tcp_server\libevent\debug\event_iocp.obj
e:\gamer\server\tcp_server\libevent\debug\event_tagging.obj
e:\gamer\server\tcp_server\libevent\debug\evmap.obj
e:\gamer\server\tcp_server\libevent\debug\evport.obj
e:\gamer\server\tcp_server\libevent\debug\evrpc.obj
e:\gamer\server\tcp_server\libevent\debug\evthread.obj
e:\gamer\server\tcp_server\libevent\debug\evthread_win32.obj
e:\gamer\server\tcp_server\libevent\debug\evutil.obj
e:\gamer\server\tcp_server\libevent\debug\evutil_rand.obj
e:\gamer\server\tcp_server\libevent\debug\evutil_time.obj
e:\gamer\server\tcp_server\libevent\debug\http.obj
e:\gamer\server\tcp_server\libevent\debug\kqueue.obj
e:\gamer\server\tcp_server\libevent\debug\listener.obj
e:\gamer\server\tcp_server\libevent\debug\log.obj
e:\gamer\server\tcp_server\libevent\debug\poll.obj
e:\gamer\server\tcp_server\libevent\debug\select.obj
e:\gamer\server\tcp_server\libevent\debug\signal.obj
e:\gamer\server\tcp_server\libevent\debug\strlcpy.obj
e:\gamer\server\tcp_server\libevent\debug\win32select.obj
e:\gamer\server\tcp_server\libevent\debug\buffer.obj
e:\gamer\server\tcp_server\libevent\debug\bufferevent.obj
e:\gamer\server\tcp_server\libevent\debug\bufferevent_async.obj
e:\gamer\server\tcp_server\libevent\debug\bufferevent_filter.obj
e:\gamer\server\tcp_server\libevent\debug\bufferevent_openssl.obj
e:\gamer\server\tcp_server\libevent\debug\bufferevent_pair.obj
e:\gamer\server\tcp_server\libevent\debug\bufferevent_ratelim.obj
e:\gamer\server\tcp_server\libevent\debug\bufferevent_sock.obj
e:\gamer\server\tcp_server\libevent\debug\buffer_iocp.obj
e:\gamer\server\tcp_server\libevent\debug\devpoll.obj
e:\gamer\server\tcp_server\libevent\debug\epoll.obj
e:\gamer\server\tcp_server\libevent\debug\evdns.obj
e:\gamer\server\tcp_server\debug\libevent.lib
e:\gamer\server\tcp_server\debug\libevent.pdb
e:\gamer\server\tcp_server\libevent\debug\libevent.tlog\cl.command.1.tlog
e:\gamer\server\tcp_server\libevent\debug\libevent.tlog\cl.read.1.tlog
e:\gamer\server\tcp_server\libevent\debug\libevent.tlog\cl.write.1.tlog
e:\gamer\server\tcp_server\libevent\debug\libevent.tlog\lib-link.read.1.tlog
e:\gamer\server\tcp_server\libevent\debug\libevent.tlog\lib-link.write.1.tlog
e:\gamer\server\tcp_server\libevent\debug\libevent.tlog\lib.command.1.tlog
